<?xml version="1.0" encoding="UTF-8"?>
<testng-results skipped="1" failed="0" ignored="0" total="1" passed="0">
  <reporter-output>
  </reporter-output>
  <suite name="Default Suite" duration-ms="6261" started-at="2021-11-14T08:02:05 GMT" finished-at="2021-11-14T08:02:11 GMT">
    <groups>
      <group name="cucumber">
        <method signature="AbstractTestNGCucumberTests.runScenario(cucumber.api.testng.PickleEventWrapper, cucumber.api.testng.CucumberFeatureWrapper)[pri:0, instance:runner.RunQualithonTest@4b553d26]" name="runScenario" class="cucumber.api.testng.AbstractTestNGCucumberTests"/>
      </group> <!-- cucumber -->
    </groups>
    <test name="QualithonTreasureHunt" duration-ms="6261" started-at="2021-11-14T08:02:05 GMT" finished-at="2021-11-14T08:02:11 GMT">
      <class name="runner.RunQualithonTest">
        <test-method status="PASS" signature="setUpClass()[pri:0, instance:runner.RunQualithonTest@4b553d26]" name="setUpClass" is-config="true" duration-ms="254" started-at="2021-11-14T08:02:05 GMT" finished-at="2021-11-14T08:02:05 GMT">
          <reporter-output>
          </reporter-output>
        </test-method> <!-- setUpClass -->
        <test-method status="PASS" signature="beforeRun()[pri:0, instance:runner.RunQualithonTest@4b553d26]" name="beforeRun" is-config="true" duration-ms="223" started-at="2021-11-14T08:02:05 GMT" finished-at="2021-11-14T08:02:05 GMT">
          <reporter-output>
          </reporter-output>
        </test-method> <!-- beforeRun -->
        <test-method status="PASS" signature="beforeHook()[pri:0, instance:runner.RunQualithonTest@4b553d26]" name="beforeHook" is-config="true" duration-ms="3748" started-at="2021-11-14T08:02:05 GMT" finished-at="2021-11-14T08:02:09 GMT">
          <reporter-output>
          </reporter-output>
        </test-method> <!-- beforeHook -->
        <test-method status="SKIP" signature="runScenario(cucumber.api.testng.PickleEventWrapper, cucumber.api.testng.CucumberFeatureWrapper)[pri:0, instance:runner.RunQualithonTest@4b553d26]" name="runScenario" duration-ms="274" started-at="2021-11-14T08:02:09 GMT" description="Runs Cucumber Scenarios" data-provider="scenarios" finished-at="2021-11-14T08:02:09 GMT">
          <params>
            <param index="0">
              <value>
                <![CDATA["End to end treasure hunt scenario"]]>
              </value>
            </param>
            <param index="1">
              <value>
                <![CDATA["Treausre Hunt Feature"]]>
              </value>
            </param>
          </params>
          <exception class="org.testng.SkipException">
            <message>
              <![CDATA[There are undefined steps]]>
            </message>
            <full-stacktrace>
              <![CDATA[org.testng.SkipException: There are undefined steps
at cucumber.api.testng.TestCaseResultListener.getError(TestCaseResultListener.java:60)
at cucumber.api.testng.TestNGCucumberRunner.runScenario(TestNGCucumberRunner.java:72)
at cucumber.api.testng.AbstractTestNGCucumberTests.runScenario(AbstractTestNGCucumberTests.java:22)
at sun.reflect.NativeMethodAccessorImpl.invoke0(Native Method)
at sun.reflect.NativeMethodAccessorImpl.invoke(NativeMethodAccessorImpl.java:62)
at sun.reflect.DelegatingMethodAccessorImpl.invoke(DelegatingMethodAccessorImpl.java:43)
at java.lang.reflect.Method.invoke(Method.java:498)
at org.testng.internal.MethodInvocationHelper.invokeMethod(MethodInvocationHelper.java:134)
at org.testng.internal.TestInvoker.invokeMethod(TestInvoker.java:597)
at org.testng.internal.TestInvoker.invokeTestMethod(TestInvoker.java:173)
at org.testng.internal.MethodRunner.runInSequence(MethodRunner.java:46)
at org.testng.internal.TestInvoker$MethodInvocationAgent.invoke(TestInvoker.java:816)
at org.testng.internal.TestInvoker.invokeTestMethods(TestInvoker.java:146)
at org.testng.internal.TestMethodWorker.invokeTestMethods(TestMethodWorker.java:146)
at org.testng.internal.TestMethodWorker.run(TestMethodWorker.java:128)
at java.util.concurrent.ThreadPoolExecutor.runWorker(ThreadPoolExecutor.java:1149)
at java.util.concurrent.ThreadPoolExecutor$Worker.run(ThreadPoolExecutor.java:624)
at java.lang.Thread.run(Thread.java:748)
]]>
            </full-stacktrace>
          </exception> <!-- org.testng.SkipException -->
          <reporter-output>
          </reporter-output>
        </test-method> <!-- runScenario -->
        <test-method status="PASS" signature="afterHook()[pri:0, instance:runner.RunQualithonTest@4b553d26]" name="afterHook" is-config="true" duration-ms="1048" started-at="2021-11-14T08:02:09 GMT" finished-at="2021-11-14T08:02:10 GMT">
          <reporter-output>
          </reporter-output>
        </test-method> <!-- afterHook -->
        <test-method status="PASS" signature="afterRun()[pri:0, instance:runner.RunQualithonTest@4b553d26]" name="afterRun" is-config="true" duration-ms="541" started-at="2021-11-14T08:02:10 GMT" finished-at="2021-11-14T08:02:11 GMT">
          <reporter-output>
          </reporter-output>
        </test-method> <!-- afterRun -->
        <test-method status="PASS" signature="tearDownClass()[pri:0, instance:runner.RunQualithonTest@4b553d26]" name="tearDownClass" is-config="true" duration-ms="40" started-at="2021-11-14T08:02:11 GMT" finished-at="2021-11-14T08:02:11 GMT">
          <reporter-output>
          </reporter-output>
        </test-method> <!-- tearDownClass -->
      </class> <!-- runner.RunQualithonTest -->
    </test> <!-- QualithonTreasureHunt -->
  </suite> <!-- Default Suite -->
</testng-results>
